GAS LISTING /tmp/ccTqJkJP.s 			page 1


   1               		.file	"mem_diff.c"
   2               	__SREG__ = 0x3f
   3               	__SP_H__ = 0x3e
   4               	__SP_L__ = 0x3d
   5               	__CCP__  = 0x34
   6               	__tmp_reg__ = 0
   7               	__zero_reg__ = 1
   8               		.global __do_copy_data
   9               		.global __do_clear_bss
  10               		.text
  11               	.global	u1init
  12               		.type	u1init, @function
  13               	u1init:
  14               	/* prologue: function */
  15               	/* frame size = 0 */
  16 0000 1092 9800 		sts 152,__zero_reg__
  17 0004 87E6      		ldi r24,lo8(103)
  18 0006 8093 9900 		sts 153,r24
  19 000a EAE9      		ldi r30,lo8(154)
  20 000c F0E0      		ldi r31,hi8(154)
  21 000e 8081      		ld r24,Z
  22 0010 8861      		ori r24,lo8(24)
  23 0012 8083      		st Z,r24
  24               	/* epilogue start */
  25 0014 0895      		ret
  26               		.size	u1init, .-u1init
  27               	.global	u1tx
  28               		.type	u1tx, @function
  29               	u1tx:
  30               	/* prologue: function */
  31               	/* frame size = 0 */
  32 0016 8093 9C00 		sts 156,r24
  33               	.L4:
  34 001a 8091 9B00 		lds r24,155
  35 001e 85FF      		sbrs r24,5
  36 0020 00C0      		rjmp .L4
  37               	/* epilogue start */
  38 0022 0895      		ret
  39               		.size	u1tx, .-u1tx
  40               	.global	u1rx
  41               		.type	u1rx, @function
  42               	u1rx:
  43               	/* prologue: function */
  44               	/* frame size = 0 */
  45               	.L9:
  46 0024 8091 9B00 		lds r24,155
  47 0028 87FF      		sbrs r24,7
  48 002a 00C0      		rjmp .L9
  49 002c 8091 9C00 		lds r24,156
  50               	/* epilogue start */
  51 0030 0895      		ret
  52               		.size	u1rx, .-u1rx
  53               	.global	u1txstr
  54               		.type	u1txstr, @function
  55               	u1txstr:
  56               	/* prologue: function */
  57               	/* frame size = 0 */
GAS LISTING /tmp/ccTqJkJP.s 			page 2


  58 0032 FC01      		movw r30,r24
  59 0034 8081      		ld r24,Z
  60 0036 8823      		tst r24
  61 0038 01F0      		breq .L16
  62               	.L17:
  63 003a 8093 9C00 		sts 156,r24
  64               	.L14:
  65 003e 8091 9B00 		lds r24,155
  66 0042 85FF      		sbrs r24,5
  67 0044 00C0      		rjmp .L14
  68 0046 3196      		adiw r30,1
  69 0048 8081      		ld r24,Z
  70 004a 8823      		tst r24
  71 004c 01F4      		brne .L17
  72               	.L16:
  73 004e 0895      		ret
  74               		.size	u1txstr, .-u1txstr
  75               	.global	inittimer
  76               		.type	inittimer, @function
  77               	inittimer:
  78               	/* prologue: function */
  79               	/* frame size = 0 */
  80 0050 12BE      		out 82-32,__zero_reg__
  81 0052 87E0      		ldi r24,lo8(7)
  82 0054 83BF      		out 83-32,r24
  83 0056 81E0      		ldi r24,lo8(1)
  84 0058 87BF      		out 87-32,r24
  85               	/* epilogue start */
  86 005a 0895      		ret
  87               		.size	inittimer, .-inittimer
  88               		.data
  89               	.LC0:
  90 0000 2564 00   		.string	"%d"
  91               		.text
  92               	.global	u1txnum
  93               		.type	u1txnum, @function
  94               	u1txnum:
  95 005c CF93      		push r28
  96 005e DF93      		push r29
  97               	/* prologue: function */
  98               	/* frame size = 0 */
  99 0060 00D0      		rcall .
 100 0062 00D0      		rcall .
 101 0064 00D0      		rcall .
 102 0066 EDB7      		in r30,__SP_L__
 103 0068 FEB7      		in r31,__SP_H__
 104 006a 3196      		adiw r30,1
 105 006c C0E0      		ldi r28,lo8(buffer)
 106 006e D0E0      		ldi r29,hi8(buffer)
 107 0070 ADB7      		in r26,__SP_L__
 108 0072 BEB7      		in r27,__SP_H__
 109 0074 1296      		adiw r26,1+1
 110 0076 DC93      		st X,r29
 111 0078 CE93      		st -X,r28
 112 007a 1197      		sbiw r26,1
 113 007c 20E0      		ldi r18,lo8(.LC0)
 114 007e 30E0      		ldi r19,hi8(.LC0)
GAS LISTING /tmp/ccTqJkJP.s 			page 3


 115 0080 3383      		std Z+3,r19
 116 0082 2283      		std Z+2,r18
 117 0084 9583      		std Z+5,r25
 118 0086 8483      		std Z+4,r24
 119 0088 0E94 0000 		call sprintf
 120 008c 8091 0000 		lds r24,buffer
 121 0090 2DB7      		in r18,__SP_L__
 122 0092 3EB7      		in r19,__SP_H__
 123 0094 2A5F      		subi r18,lo8(-(6))
 124 0096 3F4F      		sbci r19,hi8(-(6))
 125 0098 0FB6      		in __tmp_reg__,__SREG__
 126 009a F894      		cli
 127 009c 3EBF      		out __SP_H__,r19
 128 009e 0FBE      		out __SREG__,__tmp_reg__
 129 00a0 2DBF      		out __SP_L__,r18
 130 00a2 8823      		tst r24
 131 00a4 01F0      		breq .L26
 132 00a6 FE01      		movw r30,r28
 133               	.L25:
 134 00a8 8093 9C00 		sts 156,r24
 135               	.L24:
 136 00ac 8091 9B00 		lds r24,155
 137 00b0 85FF      		sbrs r24,5
 138 00b2 00C0      		rjmp .L24
 139 00b4 3196      		adiw r30,1
 140 00b6 8081      		ld r24,Z
 141 00b8 8823      		tst r24
 142 00ba 01F4      		brne .L25
 143               	.L26:
 144               	/* epilogue start */
 145 00bc DF91      		pop r29
 146 00be CF91      		pop r28
 147 00c0 0895      		ret
 148               		.size	u1txnum, .-u1txnum
 149               		.data
 150               	.LC1:
 151 0003 0A0D 456E 		.string	"\n\rEntered into task 4"
 151      7465 7265 
 151      6420 696E 
 151      746F 2074 
 151      6173 6B20 
 152               	.LC2:
 153 0019 0A4D 656D 		.string	"\nMemory T1 %p"
 153      6F72 7920 
 153      5431 2025 
 153      7000 
 154               	.LC3:
 155 0027 0A44 6174 		.string	"\nData read from memory block 1 = "
 155      6120 7265 
 155      6164 2066 
 155      726F 6D20 
 155      6D65 6D6F 
 156               	.LC4:
 157 0049 0A4D 656D 		.string	"\nMemory from block 1 removed"
 157      6F72 7920 
 157      6672 6F6D 
 157      2062 6C6F 
GAS LISTING /tmp/ccTqJkJP.s 			page 4


 157      636B 2031 
 158               	.LC5:
 159 0066 0A4D 656D 		.string	"\nMemory T2 %p"
 159      6F72 7920 
 159      5432 2025 
 159      7000 
 160               	.LC6:
 161 0074 0A44 6174 		.string	"\nData read from memory block 2 = "
 161      6120 7265 
 161      6164 2066 
 161      726F 6D20 
 161      6D65 6D6F 
 162               	.LC7:
 163 0096 0A4D 656D 		.string	"\nMemory from block 2 removed"
 163      6F72 7920 
 163      6672 6F6D 
 163      2062 6C6F 
 163      636B 2032 
 164               	.LC8:
 165 00b3 0A4D 656D 		.string	"\nMemory T3 %p"
 165      6F72 7920 
 165      5433 2025 
 165      7000 
 166               	.LC9:
 167 00c1 0A44 6174 		.string	"\nData read from memory block 3 = "
 167      6120 7265 
 167      6164 2066 
 167      726F 6D20 
 167      6D65 6D6F 
 168               	.LC10:
 169 00e3 0A4D 656D 		.string	"\nMemory from block 3 removed"
 169      6F72 7920 
 169      6672 6F6D 
 169      2062 6C6F 
 169      636B 2033 
 170               	.LC11:
 171 0100 0A4C 6561 		.string	"\nLeaving task 4"
 171      7669 6E67 
 171      2074 6173 
 171      6B20 3400 
 172               		.text
 173               	.global	task4
 174               		.type	task4, @function
 175               	task4:
 176 00c2 AF92      		push r10
 177 00c4 BF92      		push r11
 178 00c6 CF92      		push r12
 179 00c8 DF92      		push r13
 180 00ca EF92      		push r14
 181 00cc FF92      		push r15
 182 00ce 0F93      		push r16
 183 00d0 1F93      		push r17
 184 00d2 DF93      		push r29
 185 00d4 CF93      		push r28
 186 00d6 CDB7      		in r28,__SP_L__
 187 00d8 DEB7      		in r29,__SP_H__
 188 00da 2F97      		sbiw r28,15
GAS LISTING /tmp/ccTqJkJP.s 			page 5


 189 00dc 0FB6      		in __tmp_reg__,__SREG__
 190 00de F894      		cli
 191 00e0 DEBF      		out __SP_H__,r29
 192 00e2 0FBE      		out __SREG__,__tmp_reg__
 193 00e4 CDBF      		out __SP_L__,r28
 194               	/* prologue: function */
 195               	/* frame size = 15 */
 196 00e6 5E01      		movw r10,r28
 197 00e8 0894      		sec
 198 00ea A11C      		adc r10,__zero_reg__
 199 00ec B11C      		adc r11,__zero_reg__
 200 00ee 00E0      		ldi r16,lo8(.LC2)
 201 00f0 10E0      		ldi r17,hi8(.LC2)
 202 00f2 90E0      		ldi r25,lo8(.LC5)
 203 00f4 E92E      		mov r14,r25
 204 00f6 90E0      		ldi r25,hi8(.LC5)
 205 00f8 F92E      		mov r15,r25
 206 00fa 80E0      		ldi r24,lo8(.LC8)
 207 00fc C82E      		mov r12,r24
 208 00fe 80E0      		ldi r24,hi8(.LC8)
 209 0100 D82E      		mov r13,r24
 210               	.L70:
 211 0102 15BA      		out 53-32,__zero_reg__
 212 0104 E0E0      		ldi r30,lo8(.LC1)
 213 0106 F0E0      		ldi r31,hi8(.LC1)
 214 0108 8AE0      		ldi r24,lo8(10)
 215               	.L31:
 216 010a 8093 9C00 		sts 156,r24
 217               	.L30:
 218 010e 8091 9B00 		lds r24,155
 219 0112 85FF      		sbrs r24,5
 220 0114 00C0      		rjmp .L30
 221 0116 3196      		adiw r30,1
 222 0118 8081      		ld r24,Z
 223 011a 8823      		tst r24
 224 011c 01F4      		brne .L31
 225 011e 0F99      		sbic 33-32,7
 226 0120 00C0      		rjmp .L32
 227 0122 8091 0000 		lds r24,a
 228 0126 9091 0000 		lds r25,(a)+1
 229 012a 0197      		sbiw r24,1
 230 012c 01F4      		brne .+2
 231 012e 00C0      		rjmp .L100
 232               	.L33:
 233 0130 8091 0000 		lds r24,b
 234 0134 9091 0000 		lds r25,(b)+1
 235 0138 0197      		sbiw r24,1
 236 013a 01F4      		brne .+2
 237 013c 00C0      		rjmp .L101
 238               	.L45:
 239 013e 8091 0000 		lds r24,c
 240 0142 9091 0000 		lds r25,(c)+1
 241 0146 0197      		sbiw r24,1
 242 0148 01F0      		breq .L102
 243               	.L32:
 244 014a E0E0      		ldi r30,lo8(.LC11)
 245 014c F0E0      		ldi r31,hi8(.LC11)
GAS LISTING /tmp/ccTqJkJP.s 			page 6


 246 014e 8AE0      		ldi r24,lo8(10)
 247               	.L69:
 248 0150 8093 9C00 		sts 156,r24
 249               	.L68:
 250 0154 8091 9B00 		lds r24,155
 251 0158 85FF      		sbrs r24,5
 252 015a 00C0      		rjmp .L68
 253 015c 3196      		adiw r30,1
 254 015e 8081      		ld r24,Z
 255 0160 8823      		tst r24
 256 0162 01F4      		brne .L69
 257 0164 8DE3      		ldi r24,lo8(61)
 258 0166 90E0      		ldi r25,hi8(61)
 259 0168 0E94 0000 		call OSTimeDly
 260 016c 00C0      		rjmp .L70
 261               	.L102:
 262 016e 00D0      		rcall .
 263 0170 00D0      		rcall .
 264 0172 00D0      		rcall .
 265 0174 EDB7      		in r30,__SP_L__
 266 0176 FEB7      		in r31,__SP_H__
 267 0178 3196      		adiw r30,1
 268 017a ADB7      		in r26,__SP_L__
 269 017c BEB7      		in r27,__SP_H__
 270 017e 1296      		adiw r26,1+1
 271 0180 BC92      		st X,r11
 272 0182 AE92      		st -X,r10
 273 0184 1197      		sbiw r26,1
 274 0186 D382      		std Z+3,r13
 275 0188 C282      		std Z+2,r12
 276 018a 8091 0000 		lds r24,ptr3
 277 018e 9091 0000 		lds r25,(ptr3)+1
 278 0192 9583      		std Z+5,r25
 279 0194 8483      		std Z+4,r24
 280 0196 0E94 0000 		call sprintf
 281 019a 8981      		ldd r24,Y+1
 282 019c 2DB7      		in r18,__SP_L__
 283 019e 3EB7      		in r19,__SP_H__
 284 01a0 2A5F      		subi r18,lo8(-(6))
 285 01a2 3F4F      		sbci r19,hi8(-(6))
 286 01a4 0FB6      		in __tmp_reg__,__SREG__
 287 01a6 F894      		cli
 288 01a8 3EBF      		out __SP_H__,r19
 289 01aa 0FBE      		out __SREG__,__tmp_reg__
 290 01ac 2DBF      		out __SP_L__,r18
 291 01ae 8823      		tst r24
 292 01b0 01F0      		breq .L57
 293 01b2 F501      		movw r30,r10
 294               	.L59:
 295 01b4 8093 9C00 		sts 156,r24
 296               	.L58:
 297 01b8 8091 9B00 		lds r24,155
 298 01bc 85FF      		sbrs r24,5
 299 01be 00C0      		rjmp .L58
 300 01c0 3196      		adiw r30,1
 301 01c2 8081      		ld r24,Z
 302 01c4 8823      		tst r24
GAS LISTING /tmp/ccTqJkJP.s 			page 7


 303 01c6 01F4      		brne .L59
 304               	.L57:
 305 01c8 E0E0      		ldi r30,lo8(.LC9)
 306 01ca F0E0      		ldi r31,hi8(.LC9)
 307 01cc 8AE0      		ldi r24,lo8(10)
 308               	.L61:
 309 01ce 8093 9C00 		sts 156,r24
 310               	.L60:
 311 01d2 8091 9B00 		lds r24,155
 312 01d6 85FF      		sbrs r24,5
 313 01d8 00C0      		rjmp .L60
 314 01da 3196      		adiw r30,1
 315 01dc 8081      		ld r24,Z
 316 01de 8823      		tst r24
 317 01e0 01F4      		brne .L61
 318 01e2 A091 0000 		lds r26,ptr3
 319 01e6 B091 0000 		lds r27,(ptr3)+1
 320 01ea 8C91      		ld r24,X
 321 01ec 8823      		tst r24
 322 01ee 01F0      		breq .L62
 323 01f0 FD01      		movw r30,r26
 324               	.L64:
 325 01f2 8093 9C00 		sts 156,r24
 326               	.L63:
 327 01f6 8091 9B00 		lds r24,155
 328 01fa 85FF      		sbrs r24,5
 329 01fc 00C0      		rjmp .L63
 330 01fe 3196      		adiw r30,1
 331 0200 8081      		ld r24,Z
 332 0202 8823      		tst r24
 333 0204 01F4      		brne .L64
 334               	.L62:
 335 0206 8091 0000 		lds r24,memory
 336 020a 9091 0000 		lds r25,(memory)+1
 337 020e BD01      		movw r22,r26
 338 0210 0E94 0000 		call OSMemPut
 339 0214 8823      		tst r24
 340 0216 01F4      		brne .L65
 341 0218 E0E0      		ldi r30,lo8(.LC10)
 342 021a F0E0      		ldi r31,hi8(.LC10)
 343 021c 8AE0      		ldi r24,lo8(10)
 344               	.L67:
 345 021e 8093 9C00 		sts 156,r24
 346               	.L66:
 347 0222 8091 9B00 		lds r24,155
 348 0226 85FF      		sbrs r24,5
 349 0228 00C0      		rjmp .L66
 350 022a 3196      		adiw r30,1
 351 022c 8081      		ld r24,Z
 352 022e 8823      		tst r24
 353 0230 01F4      		brne .L67
 354               	.L65:
 355 0232 1092 0000 		sts (c)+1,__zero_reg__
 356 0236 1092 0000 		sts c,__zero_reg__
 357 023a 00C0      		rjmp .L32
 358               	.L101:
 359 023c 00D0      		rcall .
GAS LISTING /tmp/ccTqJkJP.s 			page 8


 360 023e 00D0      		rcall .
 361 0240 00D0      		rcall .
 362 0242 EDB7      		in r30,__SP_L__
 363 0244 FEB7      		in r31,__SP_H__
 364 0246 3196      		adiw r30,1
 365 0248 ADB7      		in r26,__SP_L__
 366 024a BEB7      		in r27,__SP_H__
 367 024c 1296      		adiw r26,1+1
 368 024e BC92      		st X,r11
 369 0250 AE92      		st -X,r10
 370 0252 1197      		sbiw r26,1
 371 0254 F382      		std Z+3,r15
 372 0256 E282      		std Z+2,r14
 373 0258 8091 0000 		lds r24,ptr2
 374 025c 9091 0000 		lds r25,(ptr2)+1
 375 0260 9583      		std Z+5,r25
 376 0262 8483      		std Z+4,r24
 377 0264 0E94 0000 		call sprintf
 378 0268 8981      		ldd r24,Y+1
 379 026a 2DB7      		in r18,__SP_L__
 380 026c 3EB7      		in r19,__SP_H__
 381 026e 2A5F      		subi r18,lo8(-(6))
 382 0270 3F4F      		sbci r19,hi8(-(6))
 383 0272 0FB6      		in __tmp_reg__,__SREG__
 384 0274 F894      		cli
 385 0276 3EBF      		out __SP_H__,r19
 386 0278 0FBE      		out __SREG__,__tmp_reg__
 387 027a 2DBF      		out __SP_L__,r18
 388 027c 8823      		tst r24
 389 027e 01F0      		breq .L46
 390 0280 F501      		movw r30,r10
 391               	.L48:
 392 0282 8093 9C00 		sts 156,r24
 393               	.L47:
 394 0286 8091 9B00 		lds r24,155
 395 028a 85FF      		sbrs r24,5
 396 028c 00C0      		rjmp .L47
 397 028e 3196      		adiw r30,1
 398 0290 8081      		ld r24,Z
 399 0292 8823      		tst r24
 400 0294 01F4      		brne .L48
 401               	.L46:
 402 0296 E0E0      		ldi r30,lo8(.LC6)
 403 0298 F0E0      		ldi r31,hi8(.LC6)
 404 029a 8AE0      		ldi r24,lo8(10)
 405               	.L50:
 406 029c 8093 9C00 		sts 156,r24
 407               	.L49:
 408 02a0 8091 9B00 		lds r24,155
 409 02a4 85FF      		sbrs r24,5
 410 02a6 00C0      		rjmp .L49
 411 02a8 3196      		adiw r30,1
 412 02aa 8081      		ld r24,Z
 413 02ac 8823      		tst r24
 414 02ae 01F4      		brne .L50
 415 02b0 A091 0000 		lds r26,ptr2
 416 02b4 B091 0000 		lds r27,(ptr2)+1
GAS LISTING /tmp/ccTqJkJP.s 			page 9


 417 02b8 8C91      		ld r24,X
 418 02ba 8823      		tst r24
 419 02bc 01F0      		breq .L51
 420 02be FD01      		movw r30,r26
 421               	.L53:
 422 02c0 8093 9C00 		sts 156,r24
 423               	.L52:
 424 02c4 8091 9B00 		lds r24,155
 425 02c8 85FF      		sbrs r24,5
 426 02ca 00C0      		rjmp .L52
 427 02cc 3196      		adiw r30,1
 428 02ce 8081      		ld r24,Z
 429 02d0 8823      		tst r24
 430 02d2 01F4      		brne .L53
 431               	.L51:
 432 02d4 8091 0000 		lds r24,memory
 433 02d8 9091 0000 		lds r25,(memory)+1
 434 02dc BD01      		movw r22,r26
 435 02de 0E94 0000 		call OSMemPut
 436 02e2 8823      		tst r24
 437 02e4 01F4      		brne .L54
 438 02e6 E0E0      		ldi r30,lo8(.LC7)
 439 02e8 F0E0      		ldi r31,hi8(.LC7)
 440 02ea 8AE0      		ldi r24,lo8(10)
 441               	.L56:
 442 02ec 8093 9C00 		sts 156,r24
 443               	.L55:
 444 02f0 8091 9B00 		lds r24,155
 445 02f4 85FF      		sbrs r24,5
 446 02f6 00C0      		rjmp .L55
 447 02f8 3196      		adiw r30,1
 448 02fa 8081      		ld r24,Z
 449 02fc 8823      		tst r24
 450 02fe 01F4      		brne .L56
 451               	.L54:
 452 0300 1092 0000 		sts (b)+1,__zero_reg__
 453 0304 1092 0000 		sts b,__zero_reg__
 454 0308 00C0      		rjmp .L45
 455               	.L100:
 456 030a 00D0      		rcall .
 457 030c 00D0      		rcall .
 458 030e 00D0      		rcall .
 459 0310 EDB7      		in r30,__SP_L__
 460 0312 FEB7      		in r31,__SP_H__
 461 0314 3196      		adiw r30,1
 462 0316 ADB7      		in r26,__SP_L__
 463 0318 BEB7      		in r27,__SP_H__
 464 031a 1296      		adiw r26,1+1
 465 031c BC92      		st X,r11
 466 031e AE92      		st -X,r10
 467 0320 1197      		sbiw r26,1
 468 0322 1383      		std Z+3,r17
 469 0324 0283      		std Z+2,r16
 470 0326 8091 0000 		lds r24,ptr1
 471 032a 9091 0000 		lds r25,(ptr1)+1
 472 032e 9583      		std Z+5,r25
 473 0330 8483      		std Z+4,r24
GAS LISTING /tmp/ccTqJkJP.s 			page 10


 474 0332 0E94 0000 		call sprintf
 475 0336 8981      		ldd r24,Y+1
 476 0338 2DB7      		in r18,__SP_L__
 477 033a 3EB7      		in r19,__SP_H__
 478 033c 2A5F      		subi r18,lo8(-(6))
 479 033e 3F4F      		sbci r19,hi8(-(6))
 480 0340 0FB6      		in __tmp_reg__,__SREG__
 481 0342 F894      		cli
 482 0344 3EBF      		out __SP_H__,r19
 483 0346 0FBE      		out __SREG__,__tmp_reg__
 484 0348 2DBF      		out __SP_L__,r18
 485 034a 8823      		tst r24
 486 034c 01F0      		breq .L34
 487 034e F501      		movw r30,r10
 488               	.L36:
 489 0350 8093 9C00 		sts 156,r24
 490               	.L35:
 491 0354 8091 9B00 		lds r24,155
 492 0358 85FF      		sbrs r24,5
 493 035a 00C0      		rjmp .L35
 494 035c 3196      		adiw r30,1
 495 035e 8081      		ld r24,Z
 496 0360 8823      		tst r24
 497 0362 01F4      		brne .L36
 498               	.L34:
 499 0364 E0E0      		ldi r30,lo8(.LC3)
 500 0366 F0E0      		ldi r31,hi8(.LC3)
 501 0368 8AE0      		ldi r24,lo8(10)
 502               	.L38:
 503 036a 8093 9C00 		sts 156,r24
 504               	.L37:
 505 036e 8091 9B00 		lds r24,155
 506 0372 85FF      		sbrs r24,5
 507 0374 00C0      		rjmp .L37
 508 0376 3196      		adiw r30,1
 509 0378 8081      		ld r24,Z
 510 037a 8823      		tst r24
 511 037c 01F4      		brne .L38
 512 037e A091 0000 		lds r26,ptr1
 513 0382 B091 0000 		lds r27,(ptr1)+1
 514 0386 8C91      		ld r24,X
 515 0388 8823      		tst r24
 516 038a 01F0      		breq .L39
 517 038c FD01      		movw r30,r26
 518               	.L41:
 519 038e 8093 9C00 		sts 156,r24
 520               	.L40:
 521 0392 8091 9B00 		lds r24,155
 522 0396 85FF      		sbrs r24,5
 523 0398 00C0      		rjmp .L40
 524 039a 3196      		adiw r30,1
 525 039c 8081      		ld r24,Z
 526 039e 8823      		tst r24
 527 03a0 01F4      		brne .L41
 528               	.L39:
 529 03a2 8091 0000 		lds r24,memory
 530 03a6 9091 0000 		lds r25,(memory)+1
GAS LISTING /tmp/ccTqJkJP.s 			page 11


 531 03aa BD01      		movw r22,r26
 532 03ac 0E94 0000 		call OSMemPut
 533 03b0 8823      		tst r24
 534 03b2 01F4      		brne .L42
 535 03b4 E0E0      		ldi r30,lo8(.LC4)
 536 03b6 F0E0      		ldi r31,hi8(.LC4)
 537 03b8 8AE0      		ldi r24,lo8(10)
 538               	.L44:
 539 03ba 8093 9C00 		sts 156,r24
 540               	.L43:
 541 03be 8091 9B00 		lds r24,155
 542 03c2 85FF      		sbrs r24,5
 543 03c4 00C0      		rjmp .L43
 544 03c6 3196      		adiw r30,1
 545 03c8 8081      		ld r24,Z
 546 03ca 8823      		tst r24
 547 03cc 01F4      		brne .L44
 548               	.L42:
 549 03ce 1092 0000 		sts (a)+1,__zero_reg__
 550 03d2 1092 0000 		sts a,__zero_reg__
 551 03d6 00C0      		rjmp .L33
 552               		.size	task4, .-task4
 553               	.global	main
 554               		.type	main, @function
 555               	main:
 556 03d8 EF92      		push r14
 557 03da FF92      		push r15
 558 03dc 0F93      		push r16
 559 03de 1F93      		push r17
 560               	/* prologue: function */
 561               	/* frame size = 0 */
 562 03e0 0E94 0000 		call OSInit
 563 03e4 80E0      		ldi r24,lo8(gs(task1))
 564 03e6 90E0      		ldi r25,hi8(gs(task1))
 565 03e8 60E0      		ldi r22,lo8(0)
 566 03ea 70E0      		ldi r23,hi8(0)
 567 03ec 40E0      		ldi r20,lo8(task1_stack+255)
 568 03ee 50E0      		ldi r21,hi8(task1_stack+255)
 569 03f0 24E0      		ldi r18,lo8(4)
 570 03f2 0E94 0000 		call OSTaskCreate
 571 03f6 80E0      		ldi r24,lo8(gs(task2))
 572 03f8 90E0      		ldi r25,hi8(gs(task2))
 573 03fa 60E0      		ldi r22,lo8(0)
 574 03fc 70E0      		ldi r23,hi8(0)
 575 03fe 40E0      		ldi r20,lo8(task2_stack+255)
 576 0400 50E0      		ldi r21,hi8(task2_stack+255)
 577 0402 25E0      		ldi r18,lo8(5)
 578 0404 0E94 0000 		call OSTaskCreate
 579 0408 80E0      		ldi r24,lo8(gs(task3))
 580 040a 90E0      		ldi r25,hi8(gs(task3))
 581 040c 60E0      		ldi r22,lo8(0)
 582 040e 70E0      		ldi r23,hi8(0)
 583 0410 40E0      		ldi r20,lo8(task3_stack+255)
 584 0412 50E0      		ldi r21,hi8(task3_stack+255)
 585 0414 26E0      		ldi r18,lo8(6)
 586 0416 0E94 0000 		call OSTaskCreate
 587 041a 80E0      		ldi r24,lo8(gs(task4))
GAS LISTING /tmp/ccTqJkJP.s 			page 12


 588 041c 90E0      		ldi r25,hi8(gs(task4))
 589 041e 60E0      		ldi r22,lo8(0)
 590 0420 70E0      		ldi r23,hi8(0)
 591 0422 40E0      		ldi r20,lo8(task4_stack+255)
 592 0424 50E0      		ldi r21,hi8(task4_stack+255)
 593 0426 27E0      		ldi r18,lo8(7)
 594 0428 0E94 0000 		call OSTaskCreate
 595 042c 80E0      		ldi r24,lo8(buff)
 596 042e 90E0      		ldi r25,hi8(buff)
 597 0430 43E0      		ldi r20,lo8(3)
 598 0432 50E0      		ldi r21,hi8(3)
 599 0434 60E0      		ldi r22,hlo8(3)
 600 0436 70E0      		ldi r23,hhi8(3)
 601 0438 04E1      		ldi r16,lo8(20)
 602 043a 10E0      		ldi r17,hi8(20)
 603 043c 20E0      		ldi r18,hlo8(20)
 604 043e 30E0      		ldi r19,hhi8(20)
 605 0440 E0E0      		ldi r30,lo8(errmem)
 606 0442 EE2E      		mov r14,r30
 607 0444 E0E0      		ldi r30,hi8(errmem)
 608 0446 FE2E      		mov r15,r30
 609 0448 0E94 0000 		call OSMemCreate
 610 044c 9093 0000 		sts (memory)+1,r25
 611 0450 8093 0000 		sts memory,r24
 612 0454 1092 9800 		sts 152,__zero_reg__
 613 0458 87E6      		ldi r24,lo8(103)
 614 045a 8093 9900 		sts 153,r24
 615 045e EAE9      		ldi r30,lo8(154)
 616 0460 F0E0      		ldi r31,hi8(154)
 617 0462 8081      		ld r24,Z
 618 0464 8861      		ori r24,lo8(24)
 619 0466 8083      		st Z,r24
 620 0468 8FEF      		ldi r24,lo8(-1)
 621 046a 84BB      		out 52-32,r24
 622 046c 11BA      		out 49-32,__zero_reg__
 623 046e 82BB      		out 50-32,r24
 624 0470 12B8      		out 34-32,__zero_reg__
 625 0472 83B9      		out 35-32,r24
 626 0474 0E94 0000 		call OSStart
 627               	/* epilogue start */
 628 0478 1F91      		pop r17
 629 047a 0F91      		pop r16
 630 047c FF90      		pop r15
 631 047e EF90      		pop r14
 632 0480 0895      		ret
 633               		.size	main, .-main
 634               		.data
 635               	.LC12:
 636 0110 0A0D 456E 		.string	"\n\rEntered into task 3"
 636      7465 7265 
 636      6420 696E 
 636      746F 2074 
 636      6173 6B20 
 637               	.LC13:
 638 0126 0A4C 6561 		.string	"\nLeaving task 3"
 638      7669 6E67 
 638      2074 6173 
GAS LISTING /tmp/ccTqJkJP.s 			page 13


 638      6B20 3300 
 639               	.LC14:
 640 0136 0A42 6C6F 		.string	"\nBlock of data obtained "
 640      636B 206F 
 640      6620 6461 
 640      7461 206F 
 640      6274 6169 
 641               	.LC15:
 642 014f 4343 4320 		.string	"CCC T3 CCC"
 642      5433 2043 
 642      4343 00
 643               	.LC16:
 644 015a 0A4D 6573 		.string	"\nMessage stored"
 644      7361 6765 
 644      2073 746F 
 644      7265 6400 
 645               		.text
 646               	.global	task3
 647               		.type	task3, @function
 648               	task3:
 649 0482 8F92      		push r8
 650 0484 9F92      		push r9
 651 0486 BF92      		push r11
 652 0488 CF92      		push r12
 653 048a DF92      		push r13
 654 048c EF92      		push r14
 655 048e FF92      		push r15
 656 0490 0F93      		push r16
 657 0492 1F93      		push r17
 658 0494 DF93      		push r29
 659 0496 CF93      		push r28
 660 0498 CDB7      		in r28,__SP_L__
 661 049a DEB7      		in r29,__SP_H__
 662 049c 6097      		sbiw r28,16
 663 049e 0FB6      		in __tmp_reg__,__SREG__
 664 04a0 F894      		cli
 665 04a2 DEBF      		out __SP_H__,r29
 666 04a4 0FBE      		out __SREG__,__tmp_reg__
 667 04a6 CDBF      		out __SP_L__,r28
 668               	/* prologue: function */
 669               	/* frame size = 16 */
 670 04a8 8E01      		movw r16,r28
 671 04aa 0F5F      		subi r16,lo8(-(1))
 672 04ac 1F4F      		sbci r17,hi8(-(1))
 673 04ae 82E0      		ldi r24,lo8(2)
 674 04b0 E82E      		mov r14,r24
 675 04b2 F12C      		mov r15,__zero_reg__
 676 04b4 EC0E      		add r14,r28
 677 04b6 FD1E      		adc r15,r29
 678 04b8 B0E0      		ldi r27,lo8(.LC8)
 679 04ba CB2E      		mov r12,r27
 680 04bc B0E0      		ldi r27,hi8(.LC8)
 681 04be DB2E      		mov r13,r27
 682 04c0 ACEF      		ldi r26,lo8(-4)
 683 04c2 BA2E      		mov r11,r26
 684 04c4 F1E0      		ldi r31,lo8(1)
 685 04c6 8F2E      		mov r8,r31
GAS LISTING /tmp/ccTqJkJP.s 			page 14


 686 04c8 912C      		mov r9,__zero_reg__
 687               	.L123:
 688 04ca B5BA      		out 53-32,r11
 689 04cc E0E0      		ldi r30,lo8(.LC12)
 690 04ce F0E0      		ldi r31,hi8(.LC12)
 691 04d0 8AE0      		ldi r24,lo8(10)
 692               	.L107:
 693 04d2 8093 9C00 		sts 156,r24
 694               	.L106:
 695 04d6 8091 9B00 		lds r24,155
 696 04da 85FF      		sbrs r24,5
 697 04dc 00C0      		rjmp .L106
 698 04de 3196      		adiw r30,1
 699 04e0 8081      		ld r24,Z
 700 04e2 8823      		tst r24
 701 04e4 01F4      		brne .L107
 702 04e6 0E9B      		sbis 33-32,6
 703 04e8 00C0      		rjmp .L108
 704               	.L110:
 705 04ea E0E0      		ldi r30,lo8(.LC13)
 706 04ec F0E0      		ldi r31,hi8(.LC13)
 707 04ee 8AE0      		ldi r24,lo8(10)
 708               	.L109:
 709 04f0 8093 9C00 		sts 156,r24
 710               	.L122:
 711 04f4 8091 9B00 		lds r24,155
 712 04f8 85FF      		sbrs r24,5
 713 04fa 00C0      		rjmp .L122
 714 04fc 3196      		adiw r30,1
 715 04fe 8081      		ld r24,Z
 716 0500 8823      		tst r24
 717 0502 01F4      		brne .L109
 718 0504 8DE3      		ldi r24,lo8(61)
 719 0506 90E0      		ldi r25,hi8(61)
 720 0508 0E94 0000 		call OSTimeDly
 721 050c 00C0      		rjmp .L123
 722               	.L108:
 723 050e 9092 0000 		sts (c)+1,r9
 724 0512 8092 0000 		sts c,r8
 725 0516 8091 0000 		lds r24,memory
 726 051a 9091 0000 		lds r25,(memory)+1
 727 051e B801      		movw r22,r16
 728 0520 0E94 0000 		call OSMemGet
 729 0524 9093 0000 		sts (msg)+1,r25
 730 0528 8093 0000 		sts msg,r24
 731 052c 0097      		sbiw r24,0
 732 052e 01F0      		breq .L110
 733 0530 00D0      		rcall .
 734 0532 00D0      		rcall .
 735 0534 00D0      		rcall .
 736 0536 EDB7      		in r30,__SP_L__
 737 0538 FEB7      		in r31,__SP_H__
 738 053a 3196      		adiw r30,1
 739 053c ADB7      		in r26,__SP_L__
 740 053e BEB7      		in r27,__SP_H__
 741 0540 1296      		adiw r26,1+1
 742 0542 FC92      		st X,r15
GAS LISTING /tmp/ccTqJkJP.s 			page 15


 743 0544 EE92      		st -X,r14
 744 0546 1197      		sbiw r26,1
 745 0548 D382      		std Z+3,r13
 746 054a C282      		std Z+2,r12
 747 054c 9583      		std Z+5,r25
 748 054e 8483      		std Z+4,r24
 749 0550 0E94 0000 		call sprintf
 750 0554 8A81      		ldd r24,Y+2
 751 0556 2DB7      		in r18,__SP_L__
 752 0558 3EB7      		in r19,__SP_H__
 753 055a 2A5F      		subi r18,lo8(-(6))
 754 055c 3F4F      		sbci r19,hi8(-(6))
 755 055e 0FB6      		in __tmp_reg__,__SREG__
 756 0560 F894      		cli
 757 0562 3EBF      		out __SP_H__,r19
 758 0564 0FBE      		out __SREG__,__tmp_reg__
 759 0566 2DBF      		out __SP_L__,r18
 760 0568 8823      		tst r24
 761 056a 01F0      		breq .L111
 762 056c F701      		movw r30,r14
 763               	.L113:
 764 056e 8093 9C00 		sts 156,r24
 765               	.L112:
 766 0572 8091 9B00 		lds r24,155
 767 0576 85FF      		sbrs r24,5
 768 0578 00C0      		rjmp .L112
 769 057a 3196      		adiw r30,1
 770 057c 8081      		ld r24,Z
 771 057e 8823      		tst r24
 772 0580 01F4      		brne .L113
 773               	.L111:
 774 0582 E0E0      		ldi r30,lo8(.LC14)
 775 0584 F0E0      		ldi r31,hi8(.LC14)
 776 0586 8AE0      		ldi r24,lo8(10)
 777               	.L115:
 778 0588 8093 9C00 		sts 156,r24
 779               	.L114:
 780 058c 8091 9B00 		lds r24,155
 781 0590 85FF      		sbrs r24,5
 782 0592 00C0      		rjmp .L114
 783 0594 3196      		adiw r30,1
 784 0596 8081      		ld r24,Z
 785 0598 8823      		tst r24
 786 059a 01F4      		brne .L115
 787 059c 8091 0000 		lds r24,msg
 788 05a0 9091 0000 		lds r25,msg+1
 789 05a4 8093 0000 		sts ptr3,r24
 790 05a8 9093 0000 		sts ptr3+1,r25
 791 05ac DC01      		movw r26,r24
 792 05ae E0E0      		ldi r30,lo8(.LC15)
 793 05b0 F0E0      		ldi r31,hi8(.LC15)
 794 05b2 8BE0      		ldi r24,lo8(11)
 795               	.L116:
 796 05b4 0190      		ld r0,Z+
 797 05b6 0D92      		st X+,r0
 798 05b8 8150      		subi r24,lo8(-(-1))
 799 05ba 01F4      		brne .L116
GAS LISTING /tmp/ccTqJkJP.s 			page 16


 800 05bc E091 0000 		lds r30,ptr3
 801 05c0 F091 0000 		lds r31,(ptr3)+1
 802 05c4 8081      		ld r24,Z
 803 05c6 8823      		tst r24
 804 05c8 01F0      		breq .L117
 805               	.L125:
 806 05ca 8093 9C00 		sts 156,r24
 807               	.L118:
 808 05ce 8091 9B00 		lds r24,155
 809 05d2 85FF      		sbrs r24,5
 810 05d4 00C0      		rjmp .L118
 811 05d6 3196      		adiw r30,1
 812 05d8 8081      		ld r24,Z
 813 05da 8823      		tst r24
 814 05dc 01F4      		brne .L125
 815               	.L117:
 816 05de E0E0      		ldi r30,lo8(.LC16)
 817 05e0 F0E0      		ldi r31,hi8(.LC16)
 818 05e2 8AE0      		ldi r24,lo8(10)
 819               	.L121:
 820 05e4 8093 9C00 		sts 156,r24
 821               	.L120:
 822 05e8 8091 9B00 		lds r24,155
 823 05ec 85FF      		sbrs r24,5
 824 05ee 00C0      		rjmp .L120
 825 05f0 3196      		adiw r30,1
 826 05f2 8081      		ld r24,Z
 827 05f4 8823      		tst r24
 828 05f6 01F4      		brne .L121
 829 05f8 00C0      		rjmp .L110
 830               		.size	task3, .-task3
 831               		.data
 832               	.LC17:
 833 016a 0A0D 456E 		.string	"\n\rEntered into task 2"
 833      7465 7265 
 833      6420 696E 
 833      746F 2074 
 833      6173 6B20 
 834               	.LC18:
 835 0180 0A4C 6561 		.string	"\nLeaving task 2"
 835      7669 6E67 
 835      2074 6173 
 835      6B20 3200 
 836               	.LC19:
 837 0190 4242 4220 		.string	"BBB T2 BBB"
 837      5432 2042 
 837      4242 00
 838               		.text
 839               	.global	task2
 840               		.type	task2, @function
 841               	task2:
 842 05fa 8F92      		push r8
 843 05fc 9F92      		push r9
 844 05fe BF92      		push r11
 845 0600 CF92      		push r12
 846 0602 DF92      		push r13
 847 0604 EF92      		push r14
GAS LISTING /tmp/ccTqJkJP.s 			page 17


 848 0606 FF92      		push r15
 849 0608 0F93      		push r16
 850 060a 1F93      		push r17
 851 060c DF93      		push r29
 852 060e CF93      		push r28
 853 0610 CDB7      		in r28,__SP_L__
 854 0612 DEB7      		in r29,__SP_H__
 855 0614 6097      		sbiw r28,16
 856 0616 0FB6      		in __tmp_reg__,__SREG__
 857 0618 F894      		cli
 858 061a DEBF      		out __SP_H__,r29
 859 061c 0FBE      		out __SREG__,__tmp_reg__
 860 061e CDBF      		out __SP_L__,r28
 861               	/* prologue: function */
 862               	/* frame size = 16 */
 863 0620 8E01      		movw r16,r28
 864 0622 0F5F      		subi r16,lo8(-(1))
 865 0624 1F4F      		sbci r17,hi8(-(1))
 866 0626 42E0      		ldi r20,lo8(2)
 867 0628 E42E      		mov r14,r20
 868 062a F12C      		mov r15,__zero_reg__
 869 062c EC0E      		add r14,r28
 870 062e FD1E      		adc r15,r29
 871 0630 30E0      		ldi r19,lo8(.LC5)
 872 0632 C32E      		mov r12,r19
 873 0634 30E0      		ldi r19,hi8(.LC5)
 874 0636 D32E      		mov r13,r19
 875 0638 2DEF      		ldi r18,lo8(-3)
 876 063a B22E      		mov r11,r18
 877 063c 91E0      		ldi r25,lo8(1)
 878 063e 892E      		mov r8,r25
 879 0640 912C      		mov r9,__zero_reg__
 880               	.L157:
 881 0642 B5BA      		out 53-32,r11
 882 0644 E0E0      		ldi r30,lo8(.LC17)
 883 0646 F0E0      		ldi r31,hi8(.LC17)
 884 0648 8AE0      		ldi r24,lo8(10)
 885               	.L141:
 886 064a 8093 9C00 		sts 156,r24
 887               	.L140:
 888 064e 8091 9B00 		lds r24,155
 889 0652 85FF      		sbrs r24,5
 890 0654 00C0      		rjmp .L140
 891 0656 3196      		adiw r30,1
 892 0658 8081      		ld r24,Z
 893 065a 8823      		tst r24
 894 065c 01F4      		brne .L141
 895 065e 8799      		sbic 48-32,7
 896 0660 00C0      		rjmp .L144
 897 0662 9092 0000 		sts (b)+1,r9
 898 0666 8092 0000 		sts b,r8
 899 066a 8091 0000 		lds r24,memory
 900 066e 9091 0000 		lds r25,(memory)+1
 901 0672 B801      		movw r22,r16
 902 0674 0E94 0000 		call OSMemGet
 903 0678 9093 0000 		sts (msg)+1,r25
 904 067c 8093 0000 		sts msg,r24
GAS LISTING /tmp/ccTqJkJP.s 			page 18


 905 0680 0097      		sbiw r24,0
 906 0682 01F4      		brne .+2
 907 0684 00C0      		rjmp .L144
 908 0686 00D0      		rcall .
 909 0688 00D0      		rcall .
 910 068a 00D0      		rcall .
 911 068c EDB7      		in r30,__SP_L__
 912 068e FEB7      		in r31,__SP_H__
 913 0690 3196      		adiw r30,1
 914 0692 ADB7      		in r26,__SP_L__
 915 0694 BEB7      		in r27,__SP_H__
 916 0696 1296      		adiw r26,1+1
 917 0698 FC92      		st X,r15
 918 069a EE92      		st -X,r14
 919 069c 1197      		sbiw r26,1
 920 069e D382      		std Z+3,r13
 921 06a0 C282      		std Z+2,r12
 922 06a2 9583      		std Z+5,r25
 923 06a4 8483      		std Z+4,r24
 924 06a6 0E94 0000 		call sprintf
 925 06aa 8A81      		ldd r24,Y+2
 926 06ac 2DB7      		in r18,__SP_L__
 927 06ae 3EB7      		in r19,__SP_H__
 928 06b0 2A5F      		subi r18,lo8(-(6))
 929 06b2 3F4F      		sbci r19,hi8(-(6))
 930 06b4 0FB6      		in __tmp_reg__,__SREG__
 931 06b6 F894      		cli
 932 06b8 3EBF      		out __SP_H__,r19
 933 06ba 0FBE      		out __SREG__,__tmp_reg__
 934 06bc 2DBF      		out __SP_L__,r18
 935 06be 8823      		tst r24
 936 06c0 01F0      		breq .L145
 937 06c2 F701      		movw r30,r14
 938               	.L147:
 939 06c4 8093 9C00 		sts 156,r24
 940               	.L146:
 941 06c8 8091 9B00 		lds r24,155
 942 06cc 85FF      		sbrs r24,5
 943 06ce 00C0      		rjmp .L146
 944 06d0 3196      		adiw r30,1
 945 06d2 8081      		ld r24,Z
 946 06d4 8823      		tst r24
 947 06d6 01F4      		brne .L147
 948               	.L145:
 949 06d8 E0E0      		ldi r30,lo8(.LC14)
 950 06da F0E0      		ldi r31,hi8(.LC14)
 951 06dc 8AE0      		ldi r24,lo8(10)
 952               	.L149:
 953 06de 8093 9C00 		sts 156,r24
 954               	.L148:
 955 06e2 8091 9B00 		lds r24,155
 956 06e6 85FF      		sbrs r24,5
 957 06e8 00C0      		rjmp .L148
 958 06ea 3196      		adiw r30,1
 959 06ec 8081      		ld r24,Z
 960 06ee 8823      		tst r24
 961 06f0 01F4      		brne .L149
GAS LISTING /tmp/ccTqJkJP.s 			page 19


 962 06f2 8091 0000 		lds r24,msg
 963 06f6 9091 0000 		lds r25,msg+1
 964 06fa 8093 0000 		sts ptr2,r24
 965 06fe 9093 0000 		sts ptr2+1,r25
 966 0702 DC01      		movw r26,r24
 967 0704 E0E0      		ldi r30,lo8(.LC19)
 968 0706 F0E0      		ldi r31,hi8(.LC19)
 969 0708 8BE0      		ldi r24,lo8(11)
 970               	.L150:
 971 070a 0190      		ld r0,Z+
 972 070c 0D92      		st X+,r0
 973 070e 8150      		subi r24,lo8(-(-1))
 974 0710 01F4      		brne .L150
 975 0712 E091 0000 		lds r30,ptr2
 976 0716 F091 0000 		lds r31,(ptr2)+1
 977 071a 8081      		ld r24,Z
 978 071c 8823      		tst r24
 979 071e 01F0      		breq .L151
 980               	.L159:
 981 0720 8093 9C00 		sts 156,r24
 982               	.L152:
 983 0724 8091 9B00 		lds r24,155
 984 0728 85FF      		sbrs r24,5
 985 072a 00C0      		rjmp .L152
 986 072c 3196      		adiw r30,1
 987 072e 8081      		ld r24,Z
 988 0730 8823      		tst r24
 989 0732 01F4      		brne .L159
 990               	.L151:
 991 0734 E0E0      		ldi r30,lo8(.LC16)
 992 0736 F0E0      		ldi r31,hi8(.LC16)
 993 0738 8AE0      		ldi r24,lo8(10)
 994               	.L155:
 995 073a 8093 9C00 		sts 156,r24
 996               	.L154:
 997 073e 8091 9B00 		lds r24,155
 998 0742 85FF      		sbrs r24,5
 999 0744 00C0      		rjmp .L154
 1000 0746 3196      		adiw r30,1
 1001 0748 8081      		ld r24,Z
 1002 074a 8823      		tst r24
 1003 074c 01F4      		brne .L155
 1004               	.L144:
 1005 074e E0E0      		ldi r30,lo8(.LC18)
 1006 0750 F0E0      		ldi r31,hi8(.LC18)
 1007 0752 8AE0      		ldi r24,lo8(10)
 1008               	.L143:
 1009 0754 8093 9C00 		sts 156,r24
 1010               	.L156:
 1011 0758 8091 9B00 		lds r24,155
 1012 075c 85FF      		sbrs r24,5
 1013 075e 00C0      		rjmp .L156
 1014 0760 3196      		adiw r30,1
 1015 0762 8081      		ld r24,Z
 1016 0764 8823      		tst r24
 1017 0766 01F4      		brne .L143
 1018 0768 8DE3      		ldi r24,lo8(61)
GAS LISTING /tmp/ccTqJkJP.s 			page 20


 1019 076a 90E0      		ldi r25,hi8(61)
 1020 076c 0E94 0000 		call OSTimeDly
 1021 0770 00C0      		rjmp .L157
 1022               		.size	task2, .-task2
 1023               		.data
 1024               	.LC20:
 1025 019b 0A0D 456E 		.string	"\n\rEntered into task 1"
 1025      7465 7265 
 1025      6420 696E 
 1025      746F 2074 
 1025      6173 6B20 
 1026               	.LC21:
 1027 01b1 0A4C 6561 		.string	"\nLeaving task 1"
 1027      7669 6E67 
 1027      2074 6173 
 1027      6B20 3100 
 1028               	.LC22:
 1029 01c1 4141 4120 		.string	"AAA T1 AAA"
 1029      5431 2041 
 1029      4141 00
 1030               	.LC23:
 1031 01cc 0A4D 6573 		.string	"\nMessage stored\n"
 1031      7361 6765 
 1031      2073 746F 
 1031      7265 640A 
 1031      00
 1032               		.text
 1033               	.global	task1
 1034               		.type	task1, @function
 1035               	task1:
 1036 0772 8F92      		push r8
 1037 0774 9F92      		push r9
 1038 0776 BF92      		push r11
 1039 0778 CF92      		push r12
 1040 077a DF92      		push r13
 1041 077c EF92      		push r14
 1042 077e FF92      		push r15
 1043 0780 0F93      		push r16
 1044 0782 1F93      		push r17
 1045 0784 DF93      		push r29
 1046 0786 CF93      		push r28
 1047 0788 CDB7      		in r28,__SP_L__
 1048 078a DEB7      		in r29,__SP_H__
 1049 078c 6097      		sbiw r28,16
 1050 078e 0FB6      		in __tmp_reg__,__SREG__
 1051 0790 F894      		cli
 1052 0792 DEBF      		out __SP_H__,r29
 1053 0794 0FBE      		out __SREG__,__tmp_reg__
 1054 0796 CDBF      		out __SP_L__,r28
 1055               	/* prologue: function */
 1056               	/* frame size = 16 */
 1057 0798 12BE      		out 82-32,__zero_reg__
 1058 079a 87E0      		ldi r24,lo8(7)
 1059 079c 83BF      		out 83-32,r24
 1060 079e 81E0      		ldi r24,lo8(1)
 1061 07a0 87BF      		out 87-32,r24
 1062 07a2 7E01      		movw r14,r28
GAS LISTING /tmp/ccTqJkJP.s 			page 21


 1063 07a4 0894      		sec
 1064 07a6 E11C      		adc r14,__zero_reg__
 1065 07a8 F11C      		adc r15,__zero_reg__
 1066 07aa 72E0      		ldi r23,lo8(2)
 1067 07ac C72E      		mov r12,r23
 1068 07ae D12C      		mov r13,__zero_reg__
 1069 07b0 CC0E      		add r12,r28
 1070 07b2 DD1E      		adc r13,r29
 1071 07b4 00E0      		ldi r16,lo8(.LC2)
 1072 07b6 10E0      		ldi r17,hi8(.LC2)
 1073 07b8 6EEF      		ldi r22,lo8(-2)
 1074 07ba B62E      		mov r11,r22
 1075 07bc 51E0      		ldi r21,lo8(1)
 1076 07be 852E      		mov r8,r21
 1077 07c0 912C      		mov r9,__zero_reg__
 1078               	.L191:
 1079 07c2 B5BA      		out 53-32,r11
 1080 07c4 E0E0      		ldi r30,lo8(.LC20)
 1081 07c6 F0E0      		ldi r31,hi8(.LC20)
 1082 07c8 8AE0      		ldi r24,lo8(10)
 1083               	.L175:
 1084 07ca 8093 9C00 		sts 156,r24
 1085               	.L174:
 1086 07ce 8091 9B00 		lds r24,155
 1087 07d2 85FF      		sbrs r24,5
 1088 07d4 00C0      		rjmp .L174
 1089 07d6 3196      		adiw r30,1
 1090 07d8 8081      		ld r24,Z
 1091 07da 8823      		tst r24
 1092 07dc 01F4      		brne .L175
 1093 07de 869B      		sbis 48-32,6
 1094 07e0 00C0      		rjmp .L176
 1095               	.L178:
 1096 07e2 E0E0      		ldi r30,lo8(.LC21)
 1097 07e4 F0E0      		ldi r31,hi8(.LC21)
 1098 07e6 8AE0      		ldi r24,lo8(10)
 1099               	.L177:
 1100 07e8 8093 9C00 		sts 156,r24
 1101               	.L190:
 1102 07ec 8091 9B00 		lds r24,155
 1103 07f0 85FF      		sbrs r24,5
 1104 07f2 00C0      		rjmp .L190
 1105 07f4 3196      		adiw r30,1
 1106 07f6 8081      		ld r24,Z
 1107 07f8 8823      		tst r24
 1108 07fa 01F4      		brne .L177
 1109 07fc 8DE3      		ldi r24,lo8(61)
 1110 07fe 90E0      		ldi r25,hi8(61)
 1111 0800 0E94 0000 		call OSTimeDly
 1112 0804 00C0      		rjmp .L191
 1113               	.L176:
 1114 0806 9092 0000 		sts (a)+1,r9
 1115 080a 8092 0000 		sts a,r8
 1116 080e 8091 0000 		lds r24,memory
 1117 0812 9091 0000 		lds r25,(memory)+1
 1118 0816 B701      		movw r22,r14
 1119 0818 0E94 0000 		call OSMemGet
GAS LISTING /tmp/ccTqJkJP.s 			page 22


 1120 081c 9093 0000 		sts (msg)+1,r25
 1121 0820 8093 0000 		sts msg,r24
 1122 0824 0097      		sbiw r24,0
 1123 0826 01F0      		breq .L178
 1124 0828 00D0      		rcall .
 1125 082a 00D0      		rcall .
 1126 082c 00D0      		rcall .
 1127 082e EDB7      		in r30,__SP_L__
 1128 0830 FEB7      		in r31,__SP_H__
 1129 0832 3196      		adiw r30,1
 1130 0834 ADB7      		in r26,__SP_L__
 1131 0836 BEB7      		in r27,__SP_H__
 1132 0838 1296      		adiw r26,1+1
 1133 083a DC92      		st X,r13
 1134 083c CE92      		st -X,r12
 1135 083e 1197      		sbiw r26,1
 1136 0840 1383      		std Z+3,r17
 1137 0842 0283      		std Z+2,r16
 1138 0844 9583      		std Z+5,r25
 1139 0846 8483      		std Z+4,r24
 1140 0848 0E94 0000 		call sprintf
 1141 084c 8A81      		ldd r24,Y+2
 1142 084e 2DB7      		in r18,__SP_L__
 1143 0850 3EB7      		in r19,__SP_H__
 1144 0852 2A5F      		subi r18,lo8(-(6))
 1145 0854 3F4F      		sbci r19,hi8(-(6))
 1146 0856 0FB6      		in __tmp_reg__,__SREG__
 1147 0858 F894      		cli
 1148 085a 3EBF      		out __SP_H__,r19
 1149 085c 0FBE      		out __SREG__,__tmp_reg__
 1150 085e 2DBF      		out __SP_L__,r18
 1151 0860 8823      		tst r24
 1152 0862 01F0      		breq .L179
 1153 0864 F601      		movw r30,r12
 1154               	.L181:
 1155 0866 8093 9C00 		sts 156,r24
 1156               	.L180:
 1157 086a 8091 9B00 		lds r24,155
 1158 086e 85FF      		sbrs r24,5
 1159 0870 00C0      		rjmp .L180
 1160 0872 3196      		adiw r30,1
 1161 0874 8081      		ld r24,Z
 1162 0876 8823      		tst r24
 1163 0878 01F4      		brne .L181
 1164               	.L179:
 1165 087a E0E0      		ldi r30,lo8(.LC14)
 1166 087c F0E0      		ldi r31,hi8(.LC14)
 1167 087e 8AE0      		ldi r24,lo8(10)
 1168               	.L183:
 1169 0880 8093 9C00 		sts 156,r24
 1170               	.L182:
 1171 0884 8091 9B00 		lds r24,155
 1172 0888 85FF      		sbrs r24,5
 1173 088a 00C0      		rjmp .L182
 1174 088c 3196      		adiw r30,1
 1175 088e 8081      		ld r24,Z
 1176 0890 8823      		tst r24
GAS LISTING /tmp/ccTqJkJP.s 			page 23


 1177 0892 01F4      		brne .L183
 1178 0894 8091 0000 		lds r24,msg
 1179 0898 9091 0000 		lds r25,msg+1
 1180 089c 8093 0000 		sts ptr1,r24
 1181 08a0 9093 0000 		sts ptr1+1,r25
 1182 08a4 DC01      		movw r26,r24
 1183 08a6 E0E0      		ldi r30,lo8(.LC22)
 1184 08a8 F0E0      		ldi r31,hi8(.LC22)
 1185 08aa 8BE0      		ldi r24,lo8(11)
 1186               	.L184:
 1187 08ac 0190      		ld r0,Z+
 1188 08ae 0D92      		st X+,r0
 1189 08b0 8150      		subi r24,lo8(-(-1))
 1190 08b2 01F4      		brne .L184
 1191 08b4 E091 0000 		lds r30,ptr1
 1192 08b8 F091 0000 		lds r31,(ptr1)+1
 1193 08bc 8081      		ld r24,Z
 1194 08be 8823      		tst r24
 1195 08c0 01F0      		breq .L185
 1196               	.L193:
 1197 08c2 8093 9C00 		sts 156,r24
 1198               	.L186:
 1199 08c6 8091 9B00 		lds r24,155
 1200 08ca 85FF      		sbrs r24,5
 1201 08cc 00C0      		rjmp .L186
 1202 08ce 3196      		adiw r30,1
 1203 08d0 8081      		ld r24,Z
 1204 08d2 8823      		tst r24
 1205 08d4 01F4      		brne .L193
 1206               	.L185:
 1207 08d6 E0E0      		ldi r30,lo8(.LC23)
 1208 08d8 F0E0      		ldi r31,hi8(.LC23)
 1209 08da 8AE0      		ldi r24,lo8(10)
 1210               	.L189:
 1211 08dc 8093 9C00 		sts 156,r24
 1212               	.L188:
 1213 08e0 8091 9B00 		lds r24,155
 1214 08e4 85FF      		sbrs r24,5
 1215 08e6 00C0      		rjmp .L188
 1216 08e8 3196      		adiw r30,1
 1217 08ea 8081      		ld r24,Z
 1218 08ec 8823      		tst r24
 1219 08ee 01F4      		brne .L189
 1220 08f0 00C0      		rjmp .L178
 1221               		.size	task1, .-task1
 1222               		.comm buffer,20,1
 1223               		.comm task1_stack,256,1
 1224               		.comm task2_stack,256,1
 1225               		.comm task3_stack,256,1
 1226               		.comm task4_stack,256,1
 1227               		.comm memory,2,1
 1228               		.comm buff,60,1
 1229               		.comm msg,2,1
 1230               		.comm ptr1,2,1
 1231               		.comm ptr2,2,1
 1232               		.comm ptr3,2,1
 1233               		.comm errmem,1,1
GAS LISTING /tmp/ccTqJkJP.s 			page 24


 1234               		.comm a,2,1
 1235               		.comm b,2,1
 1236               		.comm c,2,1
GAS LISTING /tmp/ccTqJkJP.s 			page 25


DEFINED SYMBOLS
                            *ABS*:00000000 mem_diff.c
     /tmp/ccTqJkJP.s:2      *ABS*:0000003f __SREG__
     /tmp/ccTqJkJP.s:3      *ABS*:0000003e __SP_H__
     /tmp/ccTqJkJP.s:4      *ABS*:0000003d __SP_L__
     /tmp/ccTqJkJP.s:5      *ABS*:00000034 __CCP__
     /tmp/ccTqJkJP.s:6      *ABS*:00000000 __tmp_reg__
     /tmp/ccTqJkJP.s:7      *ABS*:00000001 __zero_reg__
     /tmp/ccTqJkJP.s:13     .text:00000000 u1init
     /tmp/ccTqJkJP.s:29     .text:00000016 u1tx
     /tmp/ccTqJkJP.s:42     .text:00000024 u1rx
     /tmp/ccTqJkJP.s:55     .text:00000032 u1txstr
     /tmp/ccTqJkJP.s:77     .text:00000050 inittimer
     /tmp/ccTqJkJP.s:94     .text:0000005c u1txnum
                            *COM*:00000014 buffer
     /tmp/ccTqJkJP.s:175    .text:000000c2 task4
                            *COM*:00000002 a
                            *COM*:00000002 b
                            *COM*:00000002 c
                            *COM*:00000002 ptr3
                            *COM*:00000002 memory
                            *COM*:00000002 ptr2
                            *COM*:00000002 ptr1
     /tmp/ccTqJkJP.s:555    .text:000003d8 main
     /tmp/ccTqJkJP.s:1035   .text:00000772 task1
                            *COM*:00000100 task1_stack
     /tmp/ccTqJkJP.s:841    .text:000005fa task2
                            *COM*:00000100 task2_stack
     /tmp/ccTqJkJP.s:648    .text:00000482 task3
                            *COM*:00000100 task3_stack
                            *COM*:00000100 task4_stack
                            *COM*:0000003c buff
                            *COM*:00000001 errmem
                            *COM*:00000002 msg

UNDEFINED SYMBOLS
__do_copy_data
__do_clear_bss
sprintf
OSTimeDly
OSMemPut
OSInit
OSTaskCreate
OSMemCreate
OSStart
OSMemGet
