GAS LISTING /tmp/ccuYllNd.s 			page 1


   1               		.file	"os_cpu_c.c"
   2               	__SREG__ = 0x3f
   3               	__SP_H__ = 0x3e
   4               	__SP_L__ = 0x3d
   5               	__CCP__  = 0x34
   6               	__tmp_reg__ = 0
   7               	__zero_reg__ = 1
   8               		.global __do_copy_data
   9               		.global __do_clear_bss
  10               		.text
  11               	.global	OSTaskStkInit
  12               		.type	OSTaskStkInit, @function
  13               	OSTaskStkInit:
  14               	/* prologue: function */
  15               	/* frame size = 0 */
  16 0000 FA01      		movw r30,r20
  17 0002 8083      		st Z,r24
  18 0004 9293      		st -Z,r25
  19 0006 1292      		st -Z,__zero_reg__
  20 0008 1292      		st -Z,__zero_reg__
  21 000a 1292      		st -Z,__zero_reg__
  22 000c 1292      		st -Z,__zero_reg__
  23 000e 1292      		st -Z,__zero_reg__
  24 0010 1292      		st -Z,__zero_reg__
  25 0012 1292      		st -Z,__zero_reg__
  26 0014 1292      		st -Z,__zero_reg__
  27 0016 1292      		st -Z,__zero_reg__
  28 0018 1292      		st -Z,__zero_reg__
  29 001a 1292      		st -Z,__zero_reg__
  30 001c 1292      		st -Z,__zero_reg__
  31 001e 1292      		st -Z,__zero_reg__
  32 0020 1292      		st -Z,__zero_reg__
  33 0022 1292      		st -Z,__zero_reg__
  34 0024 1292      		st -Z,__zero_reg__
  35 0026 1292      		st -Z,__zero_reg__
  36 0028 1292      		st -Z,__zero_reg__
  37 002a 1292      		st -Z,__zero_reg__
  38 002c 1292      		st -Z,__zero_reg__
  39 002e 1292      		st -Z,__zero_reg__
  40 0030 1292      		st -Z,__zero_reg__
  41 0032 1292      		st -Z,__zero_reg__
  42 0034 1292      		st -Z,__zero_reg__
  43 0036 6293      		st -Z,r22
  44 0038 7293      		st -Z,r23
  45 003a 1292      		st -Z,__zero_reg__
  46 003c 1292      		st -Z,__zero_reg__
  47 003e 1292      		st -Z,__zero_reg__
  48 0040 1292      		st -Z,__zero_reg__
  49 0042 1292      		st -Z,__zero_reg__
  50 0044 1292      		st -Z,__zero_reg__
  51 0046 80E8      		ldi r24,lo8(-128)
  52 0048 8293      		st -Z,r24
  53 004a 3197      		sbiw r30,1
  54 004c CF01      		movw r24,r30
  55               	/* epilogue start */
  56 004e 0895      		ret
  57               		.size	OSTaskStkInit, .-OSTaskStkInit
GAS LISTING /tmp/ccuYllNd.s 			page 2


  58               	.global	OSTaskCreateHook
  59               		.type	OSTaskCreateHook, @function
  60               	OSTaskCreateHook:
  61               	/* prologue: function */
  62               	/* frame size = 0 */
  63               	/* epilogue start */
  64 0050 0895      		ret
  65               		.size	OSTaskCreateHook, .-OSTaskCreateHook
  66               	.global	OSTaskDelHook
  67               		.type	OSTaskDelHook, @function
  68               	OSTaskDelHook:
  69               	/* prologue: function */
  70               	/* frame size = 0 */
  71               	/* epilogue start */
  72 0052 0895      		ret
  73               		.size	OSTaskDelHook, .-OSTaskDelHook
  74               	.global	OSTaskSwHook
  75               		.type	OSTaskSwHook, @function
  76               	OSTaskSwHook:
  77               	/* prologue: function */
  78               	/* frame size = 0 */
  79               	/* epilogue start */
  80 0054 0895      		ret
  81               		.size	OSTaskSwHook, .-OSTaskSwHook
  82               	.global	OSTaskStatHook
  83               		.type	OSTaskStatHook, @function
  84               	OSTaskStatHook:
  85               	/* prologue: function */
  86               	/* frame size = 0 */
  87               	/* epilogue start */
  88 0056 0895      		ret
  89               		.size	OSTaskStatHook, .-OSTaskStatHook
  90               	.global	OSTimeTickHook
  91               		.type	OSTimeTickHook, @function
  92               	OSTimeTickHook:
  93               	/* prologue: function */
  94               	/* frame size = 0 */
  95               	/* epilogue start */
  96 0058 0895      		ret
  97               		.size	OSTimeTickHook, .-OSTimeTickHook
  98               	.global	OSInitHookBegin
  99               		.type	OSInitHookBegin, @function
 100               	OSInitHookBegin:
 101               	/* prologue: function */
 102               	/* frame size = 0 */
 103               	/* epilogue start */
 104 005a 0895      		ret
 105               		.size	OSInitHookBegin, .-OSInitHookBegin
 106               	.global	OSInitHookEnd
 107               		.type	OSInitHookEnd, @function
 108               	OSInitHookEnd:
 109               	/* prologue: function */
 110               	/* frame size = 0 */
 111               	/* epilogue start */
 112 005c 0895      		ret
 113               		.size	OSInitHookEnd, .-OSInitHookEnd
 114               	.global	OSTaskIdleHook
GAS LISTING /tmp/ccuYllNd.s 			page 3


 115               		.type	OSTaskIdleHook, @function
 116               	OSTaskIdleHook:
 117               	/* prologue: function */
 118               	/* frame size = 0 */
 119               	/* epilogue start */
 120 005e 0895      		ret
 121               		.size	OSTaskIdleHook, .-OSTaskIdleHook
 122               	.global	OSTCBInitHook
 123               		.type	OSTCBInitHook, @function
 124               	OSTCBInitHook:
 125               	/* prologue: function */
 126               	/* frame size = 0 */
 127               	/* epilogue start */
 128 0060 0895      		ret
 129               		.size	OSTCBInitHook, .-OSTCBInitHook
GAS LISTING /tmp/ccuYllNd.s 			page 4


DEFINED SYMBOLS
                            *ABS*:00000000 os_cpu_c.c
     /tmp/ccuYllNd.s:2      *ABS*:0000003f __SREG__
     /tmp/ccuYllNd.s:3      *ABS*:0000003e __SP_H__
     /tmp/ccuYllNd.s:4      *ABS*:0000003d __SP_L__
     /tmp/ccuYllNd.s:5      *ABS*:00000034 __CCP__
     /tmp/ccuYllNd.s:6      *ABS*:00000000 __tmp_reg__
     /tmp/ccuYllNd.s:7      *ABS*:00000001 __zero_reg__
     /tmp/ccuYllNd.s:13     .text:00000000 OSTaskStkInit
     /tmp/ccuYllNd.s:60     .text:00000050 OSTaskCreateHook
     /tmp/ccuYllNd.s:68     .text:00000052 OSTaskDelHook
     /tmp/ccuYllNd.s:76     .text:00000054 OSTaskSwHook
     /tmp/ccuYllNd.s:84     .text:00000056 OSTaskStatHook
     /tmp/ccuYllNd.s:92     .text:00000058 OSTimeTickHook
     /tmp/ccuYllNd.s:100    .text:0000005a OSInitHookBegin
     /tmp/ccuYllNd.s:108    .text:0000005c OSInitHookEnd
     /tmp/ccuYllNd.s:116    .text:0000005e OSTaskIdleHook
     /tmp/ccuYllNd.s:124    .text:00000060 OSTCBInitHook

UNDEFINED SYMBOLS
__do_copy_data
__do_clear_bss
